<?xml version="1.0" encoding="UTF-8"?>
<testng-results ignored="0" total="1" passed="1" failed="0" skipped="0">
  <reporter-output>
  </reporter-output>
  <suite started-at="2025-09-02T15:44:25 IST" name="Default suite" finished-at="2025-09-02T15:44:29 IST" duration-ms="4061">
    <groups>
    </groups>
    <test started-at="2025-09-02T15:44:25 IST" name="Default test" finished-at="2025-09-02T15:44:29 IST" duration-ms="4061">
      <class name="demo.GoogleTest">
        <test-method signature="testGoogleTitle()[pri:0, instance:demo.GoogleTest@6f1de4c7]" started-at="2025-09-02T15:44:25 IST" name="testGoogleTitle" finished-at="2025-09-02T15:44:29 IST" duration-ms="3982" status="PASS">
          <reporter-output>
          </reporter-output>
        </test-method> <!-- testGoogleTitle -->
      </class> <!-- demo.GoogleTest -->
    </test> <!-- Default test -->
  </suite> <!-- Default suite -->
</testng-results>
